#
# A fatal error has been detected by the Java Runtime Environment:
#
#  EXCEPTION_ACCESS_VIOLATION (0xc0000005) at pc=0x00000000778ba3c5, pid=5440, tid=8048
#
# JRE version: Java(TM) SE Runtime Environment (8.0_25-b18) (build 1.8.0_25-b18)
# Java VM: Java HotSpot(TM) 64-Bit Server VM (25.25-b02 mixed mode windows-amd64 compressed oops)
# Problematic frame:
# V  [jvm.dll+0x11a3c5]
#
# Failed to write core dump. Minidumps are not enabled by default on client versions of Windows
#
# If you would like to submit a bug report, please visit:
#   http://bugreport.sun.com/bugreport/crash.jsp
#

---------------  T H R E A D  ---------------

Current thread (0x0000000016516800):  JavaThread "JDWP Transport Listener: dt_socket" daemon [_thread_in_vm, id=8048, stack(0x0000000016c70000,0x0000000016d70000)]

siginfo: ExceptionCode=0xc0000005, reading address 0x000000000000000c

Registers:
RAX=0x0000000016d6f201, RBX=0x0000000016516800, RCX=0x000000000000000c, RDX=0x0000000000000000
RSP=0x0000000016d6f1d0, RBP=0x000000000000000c, RSI=0x0000000016d6f2e8, RDI=0x00000000001492a0
R8 =0x0000000016516800, R9 =0x0000010c00a20057, R10=0x0000000000000000, R11=0x0000000016d6f485
R12=0x0000000000000000, R13=0x0000000016517068, R14=0x0000000000000000, R15=0x0000000000000000
RIP=0x00000000778ba3c5, EFLAGS=0x0000000000010206

Top of Stack: (sp=0x0000000016d6f1d0)
0x0000000016d6f1d0:   0000000016516800 0000000016516800
0x0000000016d6f1e0:   0000000016d6f298 0000000077ab78db
0x0000000016d6f1f0:   0000000016516800 0000000077ad413d
0x0000000016d6f200:   0000000000000000 00000000501d9149
0x0000000016d6f210:   0000000014fa5e58 00000000501e2912
0x0000000016d6f220:   0000000016516800 0000000000000000
0x0000000016d6f230:   0000000000000000 0000000000000000
0x0000000016d6f240:   000000000000000c 00000000501e1a09
0x0000000016d6f250:   0000000016d6f2e8 0000000016d6f2c0
0x0000000016d6f260:   0000000000000001 0000000014fa5e58
0x0000000016d6f270:   000000000000000c 00000000501c53b3
0x0000000016d6f280:   0000000016d6f3b0 0000000000000001
0x0000000016d6f290:   0000000000000001 0000000014fa5e58
0x0000000016d6f2a0:   0000000000000009 0000000000000000
0x0000000016d6f2b0:   0000000000000000 0000000000000000
0x0000000016d6f2c0:   0000000000000001 00000000501c5571 

Instructions: (pc=0x00000000778ba3c5)
0x00000000778ba3a5:   cc cc cc cc cc cc cc cc cc cc cc 48 83 ec 28 48
0x00000000778ba3b5:   85 c9 75 07 33 c0 48 83 c4 28 c3 48 89 5c 24 20
0x00000000778ba3c5:   48 8b 19 48 85 db 74 20 48 83 fb 37 74 1a 48 8b
0x00000000778ba3d5:   13 48 8b cb ff 52 10 84 c0 74 0d 48 8b c3 48 8b 


Register to memory mapping:

RAX=0x0000000016d6f201 is pointing into the stack for thread: 0x0000000016516800
RBX=0x0000000016516800 is a thread
RCX=0x000000000000000c is an unknown value
RDX=0x0000000000000000 is an unknown value
RSP=0x0000000016d6f1d0 is pointing into the stack for thread: 0x0000000016516800
RBP=0x000000000000000c is an unknown value
RSI=0x0000000016d6f2e8 is pointing into the stack for thread: 0x0000000016516800
RDI=0x00000000001492a0 is an unknown value
R8 =0x0000000016516800 is a thread
R9 =0x0000010c00a20057 is an unknown value
R10=0x0000000000000000 is an unknown value
R11=0x0000000016d6f485 is pointing into the stack for thread: 0x0000000016516800
R12=0x0000000000000000 is an unknown value
R13=0x0000000016517068 is an unknown value
R14=0x0000000000000000 is an unknown value
R15=0x0000000000000000 is an unknown value


Stack: [0x0000000016c70000,0x0000000016d70000],  sp=0x0000000016d6f1d0,  free space=1020k
Native frames: (J=compiled Java code, j=interpreted, Vv=VM code, C=native code)
V  [jvm.dll+0x11a3c5]
V  [jvm.dll+0x33413d]
C  [jdwp.dll+0x21a09]
C  [jdwp.dll+0x53b3]
C  [jdwp.dll+0x5571]
C  [jdwp.dll+0xf09c]
C  [jdwp.dll+0x1f2c9]
C  [jdwp.dll+0x1f49e]
V  [jvm.dll+0x1abba8]
V  [jvm.dll+0x22bde4]
V  [jvm.dll+0x2852fa]
C  [msvcr100.dll+0x21d9f]
C  [msvcr100.dll+0x21e3b]
C  [kernel32.dll+0x159ed]
C  [ntdll.dll+0x2c541]


---------------  P R O C E S S  ---------------

Java Threads: ( => current thread )
  0x0000000016659800 JavaThread "Abandoned connection cleanup thread" daemon [_thread_blocked, id=1960, stack(0x0000000017bc0000,0x0000000017cc0000)]
  0x00000000165a0800 JavaThread "Service Thread" daemon [_thread_blocked, id=8328, stack(0x00000000178e0000,0x00000000179e0000)]
  0x0000000016573000 JavaThread "C1 CompilerThread2" daemon [_thread_blocked, id=3832, stack(0x0000000017700000,0x0000000017800000)]
  0x0000000016571000 JavaThread "C2 CompilerThread1" daemon [_thread_blocked, id=6876, stack(0x0000000017600000,0x0000000017700000)]
  0x0000000016534800 JavaThread "C2 CompilerThread0" daemon [_thread_blocked, id=7276, stack(0x0000000017390000,0x0000000017490000)]
  0x0000000016526800 JavaThread "JDWP Command Reader" daemon [_thread_in_native, id=6412, stack(0x0000000016f50000,0x0000000017050000)]
  0x0000000016521800 JavaThread "JDWP Event Helper Thread" daemon [_thread_blocked, id=1188, stack(0x00000000171e0000,0x00000000172e0000)]
=>0x0000000016516800 JavaThread "JDWP Transport Listener: dt_socket" daemon [_thread_in_vm, id=8048, stack(0x0000000016c70000,0x0000000016d70000)]
  0x0000000015002800 JavaThread "Attach Listener" daemon [_thread_blocked, id=8384, stack(0x0000000016410000,0x0000000016510000)]
  0x000000001500e800 JavaThread "Signal Dispatcher" daemon [_thread_blocked, id=7768, stack(0x0000000012330000,0x0000000012430000)]
  0x0000000014f9d000 JavaThread "Finalizer" daemon [_thread_blocked, id=3432, stack(0x0000000015f80000,0x0000000016080000)]
  0x0000000014f99800 JavaThread "Reference Handler" daemon [_thread_blocked, id=4724, stack(0x00000000162b0000,0x00000000163b0000)]
  0x000000000014f000 JavaThread "main" [_thread_blocked, id=6680, stack(0x0000000002140000,0x0000000002240000)]

Other Threads:
  0x0000000014f95800 VMThread [stack: 0x00000000160d0000,0x00000000161d0000] [id=8296]
  0x00000000165a3000 WatcherThread [stack: 0x00000000174f0000,0x00000000175f0000] [id=9176]

VM state:not at safepoint (normal execution)

VM Mutex/Monitor currently owned by a thread: None

Heap:
 PSYoungGen      total 18432K, used 8361K [0x00000000eb600000, 0x00000000eca80000, 0x0000000100000000)
  eden space 15872K, 52% used [0x00000000eb600000,0x00000000ebe2a7a0,0x00000000ec580000)
  from space 2560K, 0% used [0x00000000ec800000,0x00000000ec800000,0x00000000eca80000)
  to   space 2560K, 0% used [0x00000000ec580000,0x00000000ec580000,0x00000000ec800000)
 ParOldGen       total 42496K, used 0K [0x00000000c2200000, 0x00000000c4b80000, 0x00000000eb600000)
  object space 42496K, 0% used [0x00000000c2200000,0x00000000c2200000,0x00000000c4b80000)
 Metaspace       used 6209K, capacity 6336K, committed 6656K, reserved 1056768K
  class space    used 644K, capacity 688K, committed 768K, reserved 1048576K

Card table byte_map: [0x00000000119e0000,0x0000000011bd0000] byte_map_base: 0x00000000113cf000

Marking Bits: (ParMarkBitMap*) 0x0000000077f7d490
 Begin Bits: [0x0000000012530000, 0x00000000134a8000)
 End Bits:   [0x00000000134a8000, 0x0000000014420000)

Polling page: 0x0000000000130000

CodeCache: size=245760Kb used=1988Kb max_used=1988Kb free=243771Kb
 bounds [0x0000000002620000, 0x0000000002890000, 0x0000000011620000]
 total_blobs=670 nmethods=336 adapters=257
 compilation: enabled

Compilation events (10 events):
Event: 0.481 Thread 0x0000000016573000  331  s    3       java.lang.Throwable::fillInStackTrace (29 bytes)
Event: 0.482 Thread 0x0000000016573000 nmethod 331 0x000000000280fe90 code [0x0000000002810000, 0x00000000028103a8]
Event: 0.483 Thread 0x0000000016573000  333       3       java.nio.ByteBuffer::array (35 bytes)
Event: 0.483 Thread 0x0000000016573000 nmethod 333 0x0000000002810450 code [0x00000000028105e0, 0x00000000028108f8]
Event: 0.483 Thread 0x0000000016573000  335       3       java.nio.CharBuffer::array (35 bytes)
Event: 0.483 Thread 0x0000000016573000 nmethod 335 0x0000000002810a50 code [0x0000000002810be0, 0x0000000002810ef8]
Event: 0.483 Thread 0x0000000016573000  334       3       java.nio.Buffer::clear (20 bytes)
Event: 0.483 Thread 0x0000000016573000 nmethod 334 0x0000000002811050 code [0x00000000028111a0, 0x0000000002811310]
Event: 13.052 Thread 0x0000000016573000  336       3       java.lang.ref.ReferenceQueue::reallyPoll (66 bytes)
Event: 13.053 Thread 0x0000000016573000 nmethod 336 0x0000000002811390 code [0x0000000002811500, 0x0000000002811950]

GC Heap History (0 events):
No events

Deoptimization events (0 events):
No events

Internal exceptions (10 events):
Event: 0.462 Thread 0x000000000014f000 Exception <a 'java/security/PrivilegedActionException'> (0x00000000ebd90dc8) thrown at [D:\re\workspace\8-2-build-windows-amd64-cygwin\jdk8u25\1677\hotspot\src\share\vm\prims\jvm.cpp, line 1312]
Event: 0.463 Thread 0x000000000014f000 Exception <a 'java/security/PrivilegedActionException'> (0x00000000ebd95ae8) thrown at [D:\re\workspace\8-2-build-windows-amd64-cygwin\jdk8u25\1677\hotspot\src\share\vm\prims\jvm.cpp, line 1312]
Event: 0.465 Thread 0x000000000014f000 Exception <a 'java/security/PrivilegedActionException'> (0x00000000ebd9aef0) thrown at [D:\re\workspace\8-2-build-windows-amd64-cygwin\jdk8u25\1677\hotspot\src\share\vm\prims\jvm.cpp, line 1312]
Event: 0.477 Thread 0x000000000014f000 Exception <a 'java/security/PrivilegedActionException'> (0x00000000ebdd2c50) thrown at [D:\re\workspace\8-2-build-windows-amd64-cygwin\jdk8u25\1677\hotspot\src\share\vm\prims\jvm.cpp, line 1312]
Event: 0.479 Thread 0x000000000014f000 Exception <a 'java/security/PrivilegedActionException'> (0x00000000ebdd8b28) thrown at [D:\re\workspace\8-2-build-windows-amd64-cygwin\jdk8u25\1677\hotspot\src\share\vm\prims\jvm.cpp, line 1312]
Event: 0.479 Thread 0x000000000014f000 Exception <a 'java/security/PrivilegedActionException'> (0x00000000ebdde888) thrown at [D:\re\workspace\8-2-build-windows-amd64-cygwin\jdk8u25\1677\hotspot\src\share\vm\prims\jvm.cpp, line 1312]
Event: 0.480 Thread 0x000000000014f000 Exception <a 'java/security/PrivilegedActionException'> (0x00000000ebde4260) thrown at [D:\re\workspace\8-2-build-windows-amd64-cygwin\jdk8u25\1677\hotspot\src\share\vm\prims\jvm.cpp, line 1312]
Event: 0.481 Thread 0x000000000014f000 Exception <a 'java/security/PrivilegedActionException'> (0x00000000ebdea488) thrown at [D:\re\workspace\8-2-build-windows-amd64-cygwin\jdk8u25\1677\hotspot\src\share\vm\prims\jvm.cpp, line 1312]
Event: 0.483 Thread 0x000000000014f000 Exception <a 'java/lang/NullPointerException'> (0x00000000ebdf5c60) thrown at [D:\re\workspace\8-2-build-windows-amd64-cygwin\jdk8u25\1677\hotspot\src\share\vm\interpreter\linkResolver.cpp, line 1280]
Event: 0.483 Thread 0x000000000014f000 Exception <a 'java/lang/NullPointerException'> (0x00000000ebdf6c10) thrown at [D:\re\workspace\8-2-build-windows-amd64-cygwin\jdk8u25\1677\hotspot\src\share\vm\interpreter\linkResolver.cpp, line 1178]

Events (10 events):
Event: 0.481 Thread 0x000000000014f000 DEOPT PACKING pc=0x0000000002785454 sp=0x000000000223e350
Event: 0.481 Thread 0x000000000014f000 DEOPT UNPACKING pc=0x00000000026671bf sp=0x000000000223e188 mode 1
Event: 0.482 loading class java/sql/SQLNonTransientConnectionException
Event: 0.482 loading class java/sql/SQLNonTransientConnectionException done
Event: 0.482 loading class java/lang/Throwable$WrappedPrintStream
Event: 0.482 loading class java/lang/Throwable$WrappedPrintStream done
Event: 4.210 Executing VM operation: EnableBiasedLocking
Event: 4.210 Executing VM operation: EnableBiasedLocking done
Event: 13.528 Executing VM operation: RedefineClasses
Event: 13.530 Executing VM operation: RedefineClasses done


Dynamic libraries:
0x000000013fa20000 - 0x000000013fa54000 	C:\Program Files\Java\jre1.8.0_25\bin\javaw.exe
0x00000000770c0000 - 0x0000000077269000 	C:\Windows\SYSTEM32\ntdll.dll
0x0000000076fa0000 - 0x00000000770bf000 	C:\Windows\system32\kernel32.dll
0x000007fefd030000 - 0x000007fefd09c000 	C:\Windows\system32\KERNELBASE.dll
0x000007fefdcf0000 - 0x000007fefddcb000 	C:\Windows\system32\ADVAPI32.dll
0x000007fefd890000 - 0x000007fefd92f000 	C:\Windows\system32\msvcrt.dll
0x000007fefd740000 - 0x000007fefd75f000 	C:\Windows\SYSTEM32\sechost.dll
0x000007fefd760000 - 0x000007fefd88d000 	C:\Windows\system32\RPCRT4.dll
0x0000000076ea0000 - 0x0000000076f9a000 	C:\Windows\system32\USER32.dll
0x000007fefe090000 - 0x000007fefe0f7000 	C:\Windows\system32\GDI32.dll
0x000007feff380000 - 0x000007feff38e000 	C:\Windows\system32\LPK.dll
0x000007fefdeb0000 - 0x000007fefdf79000 	C:\Windows\system32\USP10.dll
0x000007fefb7d0000 - 0x000007fefb9c4000 	C:\Windows\WinSxS\amd64_microsoft.windows.common-controls_6595b64144ccf1df_6.0.7601.17514_none_fa396087175ac9ac\COMCTL32.dll
0x000007feff200000 - 0x000007feff271000 	C:\Windows\system32\SHLWAPI.dll
0x000007feff390000 - 0x000007feff3be000 	C:\Windows\system32\IMM32.DLL
0x000007fefdf80000 - 0x000007fefe089000 	C:\Windows\system32\MSCTF.dll
0x0000000050200000 - 0x00000000502d2000 	C:\Program Files\Java\jre1.8.0_25\bin\msvcr100.dll
0x00000000777a0000 - 0x0000000077ffa000 	C:\Program Files\Java\jre1.8.0_25\bin\server\jvm.dll
0x000007fefa1b0000 - 0x000007fefa1b9000 	C:\Windows\system32\WSOCK32.dll
0x000007fefd6f0000 - 0x000007fefd73d000 	C:\Windows\system32\WS2_32.dll
0x000007feff3c0000 - 0x000007feff3c8000 	C:\Windows\system32\NSI.dll
0x000007fef9840000 - 0x000007fef987b000 	C:\Windows\system32\WINMM.dll
0x0000000077290000 - 0x0000000077297000 	C:\Windows\system32\PSAPI.DLL
0x0000000051fb0000 - 0x0000000051fbf000 	C:\Program Files\Java\jre1.8.0_25\bin\verify.dll
0x0000000051f80000 - 0x0000000051fa8000 	C:\Program Files\Java\jre1.8.0_25\bin\java.dll
0x00000000501c0000 - 0x00000000501f5000 	C:\Program Files\Java\jre1.8.0_25\bin\jdwp.dll
0x0000000050f70000 - 0x0000000050f78000 	C:\Program Files\Java\jre1.8.0_25\bin\npt.dll
0x0000000051f60000 - 0x0000000051f76000 	C:\Program Files\Java\jre1.8.0_25\bin\zip.dll
0x000007fefe100000 - 0x000007fefee88000 	C:\Windows\system32\SHELL32.dll
0x000007fefdac0000 - 0x000007fefdcc3000 	C:\Windows\system32\ole32.dll
0x000007fefce80000 - 0x000007fefce8f000 	C:\Windows\system32\profapi.dll
0x0000000051fc0000 - 0x0000000051fc9000 	C:\Program Files\Java\jre1.8.0_25\bin\dt_socket.dll
0x000007fefa5f0000 - 0x000007fefa605000 	C:\Windows\system32\NLAapi.dll
0x000007fefa5b0000 - 0x000007fefa5c5000 	C:\Windows\system32\napinsp.dll
0x000007fefa390000 - 0x000007fefa3a9000 	C:\Windows\system32\pnrpnsp.dll
0x000007fefc710000 - 0x000007fefc765000 	C:\Windows\System32\mswsock.dll
0x000007fefc410000 - 0x000007fefc46b000 	C:\Windows\system32\DNSAPI.dll
0x000007fefa520000 - 0x000007fefa52b000 	C:\Windows\System32\winrnr.dll
0x000007fefa110000 - 0x000007fefa137000 	C:\Windows\system32\IPHLPAPI.DLL
0x000007fefa100000 - 0x000007fefa10b000 	C:\Windows\system32\WINNSI.DLL
0x000007fef9d20000 - 0x000007fef9d73000 	C:\Windows\System32\fwpuclnt.dll
0x000007fef97e0000 - 0x000007fef97e8000 	C:\Windows\system32\rasadhlp.dll
0x000007fefc040000 - 0x000007fefc047000 	C:\Windows\System32\wshtcpip.dll
0x0000000051f40000 - 0x0000000051f5a000 	C:\Program Files\Java\jre1.8.0_25\bin\net.dll
0x000007fefc700000 - 0x000007fefc707000 	C:\Windows\System32\wship6.dll
0x000007fef3ee0000 - 0x000007fef4005000 	C:\Windows\system32\dbghelp.dll

VM Arguments:
jvm_args: -agentlib:jdwp=transport=dt_socket,suspend=y,address=localhost:53526 -Dfile.encoding=Cp1252 
java_command: screenDesign.ui.MainFrame.dataAccess.QueryDA
java_class_path (initial): C:\Users\Test\Desktop\Object Oriented Programming Project - Copy\screenDesign\screenDesign\bin;C:\Users\Test\Desktop\Object Oriented Programming Project - Copy\screenDesign\screenDesign\miglayout15-swing.jar;C:\Users\Test\Downloads\Compressed\Filters.zip;C:\Users\Test\Desktop\Object Oriented Programming Project - Copy\screenDesign\screenDesign\swingx;C:\Users\Test\Desktop\Object Oriented Programming Project - Copy\screenDesign\screenDesign\External JARs\mysql-connector-java-5.1.24-bin.jar;C:\Users\Test\Desktop\Object Oriented Programming Project - Copy\screenDesign\screenDesign\External JARs\xswingx.jar;C:\Users\Test\Desktop\Object Oriented Programming Project - Copy\screenDesign\screenDesign\forms-1.3.0.jar
Launcher Type: SUN_STANDARD

Environment Variables:
PATH=C:/Program Files/Java/jre1.8.0_25/bin/server;C:/Program Files/Java/jre1.8.0_25/bin;C:/Program Files/Java/jre1.8.0_25/lib/amd64;C:\ProgramData\Oracle\Java\javapath;C:\Program Files (x86)\NVIDIA Corporation\PhysX\Common;C:\Windows\system32;C:\Windows;C:\Windows\System32\Wbem;C:\Windows\System32\WindowsPowerShell\v1.0\;C:\Program Files (x86)\ATI Technologies\ATI.ACE\Core-Static;C:\Users\Test\Desktop\eclipse;
USERNAME=Test
OS=Windows_NT
PROCESSOR_IDENTIFIER=Intel64 Family 6 Model 37 Stepping 2, GenuineIntel



---------------  S Y S T E M  ---------------

OS: Windows 7 , 64 bit Build 7601 Service Pack 1

CPU:total 4 (2 cores per cpu, 2 threads per core) family 6 model 37 stepping 2, cmov, cx8, fxsr, mmx, sse, sse2, sse3, ssse3, sse4.1, sse4.2, popcnt, aes, clmul, ht, tsc, tscinvbit

Memory: 4k page, physical 4054096k(849992k free), swap 8702792k(1726552k free)

vm_info: Java HotSpot(TM) 64-Bit Server VM (25.25-b02) for windows-amd64 JRE (1.8.0_25-b18), built on Oct  7 2014 14:25:37 by "java_re" with MS VC++ 10.0 (VS2010)

time: Sat Dec 27 22:21:10 2014
elapsed time: 13 seconds (0d 0h 0m 13s)

